{"/Users/roderen/Desktop/learn/homeworks/js/script.js": {"path":"/Users/roderen/Desktop/learn/homeworks/js/script.js","statementMap":{"0":{"start":{"line":2,"column":0},"end":{"line":27,"column":5}},"1":{"start":{"line":3,"column":14},"end":{"line":3,"column":23}},"2":{"start":{"line":5,"column":18},"end":{"line":23,"column":3}},"3":{"start":{"line":6,"column":4},"end":{"line":6,"column":45}},"4":{"start":{"line":6,"column":35},"end":{"line":6,"column":45}},"5":{"start":{"line":7,"column":4},"end":{"line":13,"column":5}},"6":{"start":{"line":8,"column":6},"end":{"line":12,"column":7}},"7":{"start":{"line":8,"column":19},"end":{"line":8,"column":28}},"8":{"start":{"line":9,"column":8},"end":{"line":11,"column":9}},"9":{"start":{"line":10,"column":10},"end":{"line":10,"column":19}},"10":{"start":{"line":14,"column":4},"end":{"line":21,"column":5}},"11":{"start":{"line":15,"column":6},"end":{"line":20,"column":7}},"12":{"start":{"line":15,"column":19},"end":{"line":15,"column":43}},"13":{"start":{"line":16,"column":8},"end":{"line":18,"column":9}},"14":{"start":{"line":17,"column":10},"end":{"line":17,"column":19}},"15":{"start":{"line":22,"column":4},"end":{"line":22,"column":14}},"16":{"start":{"line":24,"column":2},"end":{"line":24,"column":27}},"17":{"start":{"line":26,"column":2},"end":{"line":26,"column":31}}},"fnMap":{"0":{"name":"(anonymous_0)","decl":{"start":{"line":2,"column":1},"end":{"line":2,"column":2}},"loc":{"start":{"line":2,"column":13},"end":{"line":27,"column":1}},"line":2},"1":{"name":"(anonymous_1)","decl":{"start":{"line":5,"column":18},"end":{"line":5,"column":19}},"loc":{"start":{"line":5,"column":49},"end":{"line":23,"column":3}},"line":5}},"branchMap":{"0":{"loc":{"start":{"line":5,"column":30},"end":{"line":5,"column":44}},"type":"default-arg","locations":[{"start":{"line":5,"column":42},"end":{"line":5,"column":44}}],"line":5},"1":{"loc":{"start":{"line":6,"column":4},"end":{"line":6,"column":45}},"type":"if","locations":[{"start":{"line":6,"column":4},"end":{"line":6,"column":45}},{"start":{},"end":{}}],"line":6},"2":{"loc":{"start":{"line":7,"column":4},"end":{"line":13,"column":5}},"type":"if","locations":[{"start":{"line":7,"column":4},"end":{"line":13,"column":5}},{"start":{},"end":{}}],"line":7},"3":{"loc":{"start":{"line":9,"column":8},"end":{"line":11,"column":9}},"type":"if","locations":[{"start":{"line":9,"column":8},"end":{"line":11,"column":9}},{"start":{},"end":{}}],"line":9},"4":{"loc":{"start":{"line":14,"column":4},"end":{"line":21,"column":5}},"type":"if","locations":[{"start":{"line":14,"column":4},"end":{"line":21,"column":5}},{"start":{},"end":{}}],"line":14},"5":{"loc":{"start":{"line":16,"column":8},"end":{"line":18,"column":9}},"type":"if","locations":[{"start":{"line":16,"column":8},"end":{"line":18,"column":9}},{"start":{},"end":{}}],"line":16}},"s":{"0":1,"1":1,"2":1,"3":4,"4":0,"5":4,"6":0,"7":0,"8":0,"9":0,"10":4,"11":4,"12":4,"13":6,"14":3,"15":1,"16":1,"17":1},"f":{"0":1,"1":4},"b":{"0":[3],"1":[0,4],"2":[0,4],"3":[0,0],"4":[4,0],"5":[3,3]},"_coverageSchema":"1a1c01bbd47fc00a2c39e90264f33305004495a9","hash":"464a8f7ec94613024f0d5acadec5ccfb87d79d42"}
}
